Vivado Simulator 2019.1
Time resolution is 1 ps
WARNING: Too many words specified in data file E:/project_1/SinIn.txt
WARNING: Data truncated while reading Datafile: E:/project_1/wave.txt, while loading at index: 373
WARNING: Data truncated while reading Datafile: E:/project_1/wave.txt, while loading at index: 378
WARNING: Data truncated while reading Datafile: E:/project_1/wave.txt, while loading at index: 380
WARNING: Data truncated while reading Datafile: E:/project_1/wave.txt, while loading at index: 383
WARNING: Data truncated while reading Datafile: E:/project_1/wave.txt, while loading at index: 385
WARNING: Data truncated while reading Datafile: E:/project_1/wave.txt, while loading at index: 388
WARNING: Data truncated while reading Datafile: E:/project_1/wave.txt, while loading at index: 390
WARNING: Data truncated while reading Datafile: E:/project_1/wave.txt, while loading at index: 393
WARNING: Data truncated while reading Datafile: E:/project_1/wave.txt, while loading at index: 395
WARNING: Data truncated while reading Datafile: E:/project_1/wave.txt, while loading at index: 396
WARNING: Data truncated while reading Datafile: E:/project_1/wave.txt, while loading at index: 398
WARNING: Data truncated while reading Datafile: E:/project_1/wave.txt, while loading at index: 400
WARNING: Data truncated while reading Datafile: E:/project_1/wave.txt, while loading at index: 401
WARNING: Data truncated while reading Datafile: E:/project_1/wave.txt, while loading at index: 403
WARNING: Data truncated while reading Datafile: E:/project_1/wave.txt, while loading at index: 405
WARNING: Data truncated while reading Datafile: E:/project_1/wave.txt, while loading at index: 406
WARNING: Data truncated while reading Datafile: E:/project_1/wave.txt, while loading at index: 408
WARNING: Data truncated while reading Datafile: E:/project_1/wave.txt, while loading at index: 410
WARNING: Data truncated while reading Datafile: E:/project_1/wave.txt, while loading at index: 411
WARNING: Data truncated while reading Datafile: E:/project_1/wave.txt, while loading at index: 413
WARNING: Data truncated while reading Datafile: E:/project_1/wave.txt, while loading at index: 415
WARNING: Data truncated while reading Datafile: E:/project_1/wave.txt, while loading at index: 416
WARNING: Data truncated while reading Datafile: E:/project_1/wave.txt, while loading at index: 417
WARNING: Data truncated while reading Datafile: E:/project_1/wave.txt, while loading at index: 418
WARNING: Data truncated while reading Datafile: E:/project_1/wave.txt, while loading at index: 420
WARNING: Data truncated while reading Datafile: E:/project_1/wave.txt, while loading at index: 421
WARNING: Data truncated while reading Datafile: E:/project_1/wave.txt, while loading at index: 422
WARNING: Data truncated while reading Datafile: E:/project_1/wave.txt, while loading at index: 423
WARNING: Data truncated while reading Datafile: E:/project_1/wave.txt, while loading at index: 425
WARNING: Data truncated while reading Datafile: E:/project_1/wave.txt, while loading at index: 426
WARNING: Data truncated while reading Datafile: E:/project_1/wave.txt, while loading at index: 427
WARNING: Data truncated while reading Datafile: E:/project_1/wave.txt, while loading at index: 428
WARNING: Data truncated while reading Datafile: E:/project_1/wave.txt, while loading at index: 429
WARNING: Data truncated while reading Datafile: E:/project_1/wave.txt, while loading at index: 430
WARNING: Data truncated while reading Datafile: E:/project_1/wave.txt, while loading at index: 431
WARNING: Data truncated while reading Datafile: E:/project_1/wave.txt, while loading at index: 432
WARNING: Data truncated while reading Datafile: E:/project_1/wave.txt, while loading at index: 433
WARNING: Data truncated while reading Datafile: E:/project_1/wave.txt, while loading at index: 434
WARNING: Data truncated while reading Datafile: E:/project_1/wave.txt, while loading at index: 435
WARNING: Data truncated while reading Datafile: E:/project_1/wave.txt, while loading at index: 436
WARNING: Data truncated while reading Datafile: E:/project_1/wave.txt, while loading at index: 437
WARNING: Data truncated while reading Datafile: E:/project_1/wave.txt, while loading at index: 438
WARNING: Data truncated while reading Datafile: E:/project_1/wave.txt, while loading at index: 439
WARNING: Data truncated while reading Datafile: E:/project_1/wave.txt, while loading at index: 440
WARNING: Data truncated while reading Datafile: E:/project_1/wave.txt, while loading at index: 441
WARNING: Data truncated while reading Datafile: E:/project_1/wave.txt, while loading at index: 442
WARNING: Data truncated while reading Datafile: E:/project_1/wave.txt, while loading at index: 443
WARNING: Data truncated while reading Datafile: E:/project_1/wave.txt, while loading at index: 444
WARNING: Data truncated while reading Datafile: E:/project_1/wave.txt, while loading at index: 445
WARNING: Data truncated while reading Datafile: E:/project_1/wave.txt, while loading at index: 446
WARNING: Data truncated while reading Datafile: E:/project_1/wave.txt, while loading at index: 447
WARNING: Data truncated while reading Datafile: E:/project_1/wave.txt, while loading at index: 448
WARNING: Data truncated while reading Datafile: E:/project_1/wave.txt, while loading at index: 449
WARNING: Data truncated while reading Datafile: E:/project_1/wave.txt, while loading at index: 450
WARNING: Data truncated while reading Datafile: E:/project_1/wave.txt, while loading at index: 451
WARNING: Data truncated while reading Datafile: E:/project_1/wave.txt, while loading at index: 452
WARNING: Data truncated while reading Datafile: E:/project_1/wave.txt, while loading at index: 453
WARNING: Data truncated while reading Datafile: E:/project_1/wave.txt, while loading at index: 454
WARNING: Data truncated while reading Datafile: E:/project_1/wave.txt, while loading at index: 455
WARNING: Data truncated while reading Datafile: E:/project_1/wave.txt, while loading at index: 456
WARNING: Data truncated while reading Datafile: E:/project_1/wave.txt, while loading at index: 457
WARNING: Data truncated while reading Datafile: E:/project_1/wave.txt, while loading at index: 458
WARNING: Data truncated while reading Datafile: E:/project_1/wave.txt, while loading at index: 459
WARNING: Data truncated while reading Datafile: E:/project_1/wave.txt, while loading at index: 460
WARNING: Data truncated while reading Datafile: E:/project_1/wave.txt, while loading at index: 461
WARNING: Data truncated while reading Datafile: E:/project_1/wave.txt, while loading at index: 462
WARNING: Data truncated while reading Datafile: E:/project_1/wave.txt, while loading at index: 463
WARNING: Data truncated while reading Datafile: E:/project_1/wave.txt, while loading at index: 464
WARNING: Data truncated while reading Datafile: E:/project_1/wave.txt, while loading at index: 465
WARNING: Data truncated while reading Datafile: E:/project_1/wave.txt, while loading at index: 466
WARNING: Data truncated while reading Datafile: E:/project_1/wave.txt, while loading at index: 467
WARNING: Data truncated while reading Datafile: E:/project_1/wave.txt, while loading at index: 468
WARNING: Data truncated while reading Datafile: E:/project_1/wave.txt, while loading at index: 469
WARNING: Data truncated while reading Datafile: E:/project_1/wave.txt, while loading at index: 470
WARNING: Data truncated while reading Datafile: E:/project_1/wave.txt, while loading at index: 471
WARNING: Data truncated while reading Datafile: E:/project_1/wave.txt, while loading at index: 472
WARNING: Data truncated while reading Datafile: E:/project_1/wave.txt, while loading at index: 473
WARNING: Data truncated while reading Datafile: E:/project_1/wave.txt, while loading at index: 474
WARNING: Data truncated while reading Datafile: E:/project_1/wave.txt, while loading at index: 475
WARNING: Data truncated while reading Datafile: E:/project_1/wave.txt, while loading at index: 476
WARNING: Data truncated while reading Datafile: E:/project_1/wave.txt, while loading at index: 477
WARNING: Data truncated while reading Datafile: E:/project_1/wave.txt, while loading at index: 478
WARNING: Data truncated while reading Datafile: E:/project_1/wave.txt, while loading at index: 479
WARNING: Data truncated while reading Datafile: E:/project_1/wave.txt, while loading at index: 480
WARNING: Data truncated while reading Datafile: E:/project_1/wave.txt, while loading at index: 481
WARNING: Data truncated while reading Datafile: E:/project_1/wave.txt, while loading at index: 482
WARNING: Data truncated while reading Datafile: E:/project_1/wave.txt, while loading at index: 483
WARNING: Data truncated while reading Datafile: E:/project_1/wave.txt, while loading at index: 484
WARNING: Data truncated while reading Datafile: E:/project_1/wave.txt, while loading at index: 485
WARNING: Data truncated while reading Datafile: E:/project_1/wave.txt, while loading at index: 486
WARNING: Data truncated while reading Datafile: E:/project_1/wave.txt, while loading at index: 487
WARNING: Data truncated while reading Datafile: E:/project_1/wave.txt, while loading at index: 488
WARNING: Data truncated while reading Datafile: E:/project_1/wave.txt, while loading at index: 489
WARNING: Data truncated while reading Datafile: E:/project_1/wave.txt, while loading at index: 490
WARNING: Data truncated while reading Datafile: E:/project_1/wave.txt, while loading at index: 491
WARNING: Data truncated while reading Datafile: E:/project_1/wave.txt, while loading at index: 492
WARNING: Data truncated while reading Datafile: E:/project_1/wave.txt, while loading at index: 493
WARNING: Data truncated while reading Datafile: E:/project_1/wave.txt, while loading at index: 494
WARNING: Data truncated while reading Datafile: E:/project_1/wave.txt, while loading at index: 495
WARNING: Data truncated while reading Datafile: E:/project_1/wave.txt, while loading at index: 496
WARNING: Data truncated while reading Datafile: E:/project_1/wave.txt, while loading at index: 497
WARNING: Data truncated while reading Datafile: E:/project_1/wave.txt, while loading at index: 498
WARNING: Data truncated while reading Datafile: E:/project_1/wave.txt, while loading at index: 499
WARNING: Data truncated while reading Datafile: E:/project_1/wave.txt, while loading at index: 500
WARNING: Data truncated while reading Datafile: E:/project_1/wave.txt, while loading at index: 501
WARNING: Data truncated while reading Datafile: E:/project_1/wave.txt, while loading at index: 502
WARNING: Data truncated while reading Datafile: E:/project_1/wave.txt, while loading at index: 503
WARNING: Data truncated while reading Datafile: E:/project_1/wave.txt, while loading at index: 504
WARNING: Data truncated while reading Datafile: E:/project_1/wave.txt, while loading at index: 505
WARNING: Data truncated while reading Datafile: E:/project_1/wave.txt, while loading at index: 506
WARNING: Data truncated while reading Datafile: E:/project_1/wave.txt, while loading at index: 507
WARNING: Data truncated while reading Datafile: E:/project_1/wave.txt, while loading at index: 508
WARNING: Data truncated while reading Datafile: E:/project_1/wave.txt, while loading at index: 510
WARNING: Data truncated while reading Datafile: E:/project_1/wave.txt, while loading at index: 511
WARNING: Data truncated while reading Datafile: E:/project_1/wave.txt, while loading at index: 512
WARNING: Data truncated while reading Datafile: E:/project_1/wave.txt, while loading at index: 513
WARNING: Data truncated while reading Datafile: E:/project_1/wave.txt, while loading at index: 515
WARNING: Data truncated while reading Datafile: E:/project_1/wave.txt, while loading at index: 516
WARNING: Data truncated while reading Datafile: E:/project_1/wave.txt, while loading at index: 517
WARNING: Data truncated while reading Datafile: E:/project_1/wave.txt, while loading at index: 518
WARNING: Data truncated while reading Datafile: E:/project_1/wave.txt, while loading at index: 520
WARNING: Data truncated while reading Datafile: E:/project_1/wave.txt, while loading at index: 521
WARNING: Data truncated while reading Datafile: E:/project_1/wave.txt, while loading at index: 522
WARNING: Data truncated while reading Datafile: E:/project_1/wave.txt, while loading at index: 523
WARNING: Data truncated while reading Datafile: E:/project_1/wave.txt, while loading at index: 525
WARNING: Data truncated while reading Datafile: E:/project_1/wave.txt, while loading at index: 526
WARNING: Data truncated while reading Datafile: E:/project_1/wave.txt, while loading at index: 527
WARNING: Data truncated while reading Datafile: E:/project_1/wave.txt, while loading at index: 528
WARNING: Data truncated while reading Datafile: E:/project_1/wave.txt, while loading at index: 530
WARNING: Data truncated while reading Datafile: E:/project_1/wave.txt, while loading at index: 531
WARNING: Data truncated while reading Datafile: E:/project_1/wave.txt, while loading at index: 532
WARNING: Data truncated while reading Datafile: E:/project_1/wave.txt, while loading at index: 533
WARNING: Data truncated while reading Datafile: E:/project_1/wave.txt, while loading at index: 535
WARNING: Data truncated while reading Datafile: E:/project_1/wave.txt, while loading at index: 536
WARNING: Data truncated while reading Datafile: E:/project_1/wave.txt, while loading at index: 537
WARNING: Data truncated while reading Datafile: E:/project_1/wave.txt, while loading at index: 538
WARNING: Data truncated while reading Datafile: E:/project_1/wave.txt, while loading at index: 540
WARNING: Data truncated while reading Datafile: E:/project_1/wave.txt, while loading at index: 541
WARNING: Data truncated while reading Datafile: E:/project_1/wave.txt, while loading at index: 542
WARNING: Data truncated while reading Datafile: E:/project_1/wave.txt, while loading at index: 543
WARNING: Data truncated while reading Datafile: E:/project_1/wave.txt, while loading at index: 545
WARNING: Data truncated while reading Datafile: E:/project_1/wave.txt, while loading at index: 546
WARNING: Data truncated while reading Datafile: E:/project_1/wave.txt, while loading at index: 547
WARNING: Data truncated while reading Datafile: E:/project_1/wave.txt, while loading at index: 548
WARNING: Data truncated while reading Datafile: E:/project_1/wave.txt, while loading at index: 550
WARNING: Data truncated while reading Datafile: E:/project_1/wave.txt, while loading at index: 551
WARNING: Data truncated while reading Datafile: E:/project_1/wave.txt, while loading at index: 552
WARNING: Data truncated while reading Datafile: E:/project_1/wave.txt, while loading at index: 553
WARNING: Data truncated while reading Datafile: E:/project_1/wave.txt, while loading at index: 555
WARNING: Data truncated while reading Datafile: E:/project_1/wave.txt, while loading at index: 556
WARNING: Data truncated while reading Datafile: E:/project_1/wave.txt, while loading at index: 557
WARNING: Data truncated while reading Datafile: E:/project_1/wave.txt, while loading at index: 558
WARNING: Data truncated while reading Datafile: E:/project_1/wave.txt, while loading at index: 560
WARNING: Data truncated while reading Datafile: E:/project_1/wave.txt, while loading at index: 561
WARNING: Data truncated while reading Datafile: E:/project_1/wave.txt, while loading at index: 562
WARNING: Data truncated while reading Datafile: E:/project_1/wave.txt, while loading at index: 563
WARNING: Data truncated while reading Datafile: E:/project_1/wave.txt, while loading at index: 565
WARNING: Data truncated while reading Datafile: E:/project_1/wave.txt, while loading at index: 566
WARNING: Data truncated while reading Datafile: E:/project_1/wave.txt, while loading at index: 567
WARNING: Data truncated while reading Datafile: E:/project_1/wave.txt, while loading at index: 568
WARNING: Data truncated while reading Datafile: E:/project_1/wave.txt, while loading at index: 570
WARNING: Data truncated while reading Datafile: E:/project_1/wave.txt, while loading at index: 571
WARNING: Data truncated while reading Datafile: E:/project_1/wave.txt, while loading at index: 572
WARNING: Data truncated while reading Datafile: E:/project_1/wave.txt, while loading at index: 573
WARNING: Data truncated while reading Datafile: E:/project_1/wave.txt, while loading at index: 575
WARNING: Data truncated while reading Datafile: E:/project_1/wave.txt, while loading at index: 576
WARNING: Data truncated while reading Datafile: E:/project_1/wave.txt, while loading at index: 577
WARNING: Data truncated while reading Datafile: E:/project_1/wave.txt, while loading at index: 578
WARNING: Data truncated while reading Datafile: E:/project_1/wave.txt, while loading at index: 580
WARNING: Data truncated while reading Datafile: E:/project_1/wave.txt, while loading at index: 581
WARNING: Data truncated while reading Datafile: E:/project_1/wave.txt, while loading at index: 582
WARNING: Data truncated while reading Datafile: E:/project_1/wave.txt, while loading at index: 583
WARNING: Data truncated while reading Datafile: E:/project_1/wave.txt, while loading at index: 584
WARNING: Data truncated while reading Datafile: E:/project_1/wave.txt, while loading at index: 585
WARNING: Data truncated while reading Datafile: E:/project_1/wave.txt, while loading at index: 586
WARNING: Data truncated while reading Datafile: E:/project_1/wave.txt, while loading at index: 587
WARNING: Data truncated while reading Datafile: E:/project_1/wave.txt, while loading at index: 588
WARNING: Data truncated while reading Datafile: E:/project_1/wave.txt, while loading at index: 589
WARNING: Data truncated while reading Datafile: E:/project_1/wave.txt, while loading at index: 590
WARNING: Data truncated while reading Datafile: E:/project_1/wave.txt, while loading at index: 591
WARNING: Data truncated while reading Datafile: E:/project_1/wave.txt, while loading at index: 592
WARNING: Data truncated while reading Datafile: E:/project_1/wave.txt, while loading at index: 593
WARNING: Data truncated while reading Datafile: E:/project_1/wave.txt, while loading at index: 594
WARNING: Data truncated while reading Datafile: E:/project_1/wave.txt, while loading at index: 595
WARNING: Data truncated while reading Datafile: E:/project_1/wave.txt, while loading at index: 596
WARNING: Data truncated while reading Datafile: E:/project_1/wave.txt, while loading at index: 597
WARNING: Data truncated while reading Datafile: E:/project_1/wave.txt, while loading at index: 598
WARNING: Data truncated while reading Datafile: E:/project_1/wave.txt, while loading at index: 599
WARNING: Data truncated while reading Datafile: E:/project_1/wave.txt, while loading at index: 600
WARNING: Data truncated while reading Datafile: E:/project_1/wave.txt, while loading at index: 601
WARNING: Data truncated while reading Datafile: E:/project_1/wave.txt, while loading at index: 602
WARNING: Data truncated while reading Datafile: E:/project_1/wave.txt, while loading at index: 603
WARNING: Data truncated while reading Datafile: E:/project_1/wave.txt, while loading at index: 604
WARNING: Data truncated while reading Datafile: E:/project_1/wave.txt, while loading at index: 605
WARNING: Data truncated while reading Datafile: E:/project_1/wave.txt, while loading at index: 606
WARNING: Data truncated while reading Datafile: E:/project_1/wave.txt, while loading at index: 607
WARNING: Data truncated while reading Datafile: E:/project_1/wave.txt, while loading at index: 608
WARNING: Data truncated while reading Datafile: E:/project_1/wave.txt, while loading at index: 609
WARNING: Data truncated while reading Datafile: E:/project_1/wave.txt, while loading at index: 610
WARNING: Data truncated while reading Datafile: E:/project_1/wave.txt, while loading at index: 611
WARNING: Data truncated while reading Datafile: E:/project_1/wave.txt, while loading at index: 612
WARNING: Data truncated while reading Datafile: E:/project_1/wave.txt, while loading at index: 613
WARNING: Data truncated while reading Datafile: E:/project_1/wave.txt, while loading at index: 614
WARNING: Data truncated while reading Datafile: E:/project_1/wave.txt, while loading at index: 615
WARNING: Data truncated while reading Datafile: E:/project_1/wave.txt, while loading at index: 616
WARNING: Data truncated while reading Datafile: E:/project_1/wave.txt, while loading at index: 617
WARNING: Data truncated while reading Datafile: E:/project_1/wave.txt, while loading at index: 618
WARNING: Data truncated while reading Datafile: E:/project_1/wave.txt, while loading at index: 619
WARNING: Data truncated while reading Datafile: E:/project_1/wave.txt, while loading at index: 620
WARNING: Data truncated while reading Datafile: E:/project_1/wave.txt, while loading at index: 621
WARNING: Data truncated while reading Datafile: E:/project_1/wave.txt, while loading at index: 622
WARNING: Data truncated while reading Datafile: E:/project_1/wave.txt, while loading at index: 623
WARNING: Data truncated while reading Datafile: E:/project_1/wave.txt, while loading at index: 624
WARNING: Data truncated while reading Datafile: E:/project_1/wave.txt, while loading at index: 625
WARNING: Data truncated while reading Datafile: E:/project_1/wave.txt, while loading at index: 626
WARNING: Data truncated while reading Datafile: E:/project_1/wave.txt, while loading at index: 627
WARNING: Data truncated while reading Datafile: E:/project_1/wave.txt, while loading at index: 628
WARNING: Data truncated while reading Datafile: E:/project_1/wave.txt, while loading at index: 629
WARNING: Data truncated while reading Datafile: E:/project_1/wave.txt, while loading at index: 630
WARNING: Data truncated while reading Datafile: E:/project_1/wave.txt, while loading at index: 631
WARNING: Data truncated while reading Datafile: E:/project_1/wave.txt, while loading at index: 632
WARNING: Data truncated while reading Datafile: E:/project_1/wave.txt, while loading at index: 633
WARNING: Data truncated while reading Datafile: E:/project_1/wave.txt, while loading at index: 634
WARNING: Data truncated while reading Datafile: E:/project_1/wave.txt, while loading at index: 635
WARNING: Data truncated while reading Datafile: E:/project_1/wave.txt, while loading at index: 636
WARNING: Data truncated while reading Datafile: E:/project_1/wave.txt, while loading at index: 637
WARNING: Data truncated while reading Datafile: E:/project_1/wave.txt, while loading at index: 638
WARNING: Data truncated while reading Datafile: E:/project_1/wave.txt, while loading at index: 639
WARNING: Data truncated while reading Datafile: E:/project_1/wave.txt, while loading at index: 640
WARNING: Data truncated while reading Datafile: E:/project_1/wave.txt, while loading at index: 641
WARNING: Data truncated while reading Datafile: E:/project_1/wave.txt, while loading at index: 642
WARNING: Data truncated while reading Datafile: E:/project_1/wave.txt, while loading at index: 643
WARNING: Data truncated while reading Datafile: E:/project_1/wave.txt, while loading at index: 644
WARNING: Data truncated while reading Datafile: E:/project_1/wave.txt, while loading at index: 645
WARNING: Data truncated while reading Datafile: E:/project_1/wave.txt, while loading at index: 646
WARNING: Data truncated while reading Datafile: E:/project_1/wave.txt, while loading at index: 647
WARNING: Data truncated while reading Datafile: E:/project_1/wave.txt, while loading at index: 648
WARNING: Data truncated while reading Datafile: E:/project_1/wave.txt, while loading at index: 649
WARNING: Data truncated while reading Datafile: E:/project_1/wave.txt, while loading at index: 650
WARNING: Data truncated while reading Datafile: E:/project_1/wave.txt, while loading at index: 651
WARNING: Data truncated while reading Datafile: E:/project_1/wave.txt, while loading at index: 652
WARNING: Data truncated while reading Datafile: E:/project_1/wave.txt, while loading at index: 653
WARNING: Data truncated while reading Datafile: E:/project_1/wave.txt, while loading at index: 654
WARNING: Data truncated while reading Datafile: E:/project_1/wave.txt, while loading at index: 655
WARNING: Data truncated while reading Datafile: E:/project_1/wave.txt, while loading at index: 656
WARNING: Data truncated while reading Datafile: E:/project_1/wave.txt, while loading at index: 657
WARNING: Data truncated while reading Datafile: E:/project_1/wave.txt, while loading at index: 658
WARNING: Data truncated while reading Datafile: E:/project_1/wave.txt, while loading at index: 659
WARNING: Data truncated while reading Datafile: E:/project_1/wave.txt, while loading at index: 660
WARNING: Data truncated while reading Datafile: E:/project_1/wave.txt, while loading at index: 661
WARNING: Data truncated while reading Datafile: E:/project_1/wave.txt, while loading at index: 662
WARNING: Data truncated while reading Datafile: E:/project_1/wave.txt, while loading at index: 663
WARNING: Data truncated while reading Datafile: E:/project_1/wave.txt, while loading at index: 664
WARNING: Data truncated while reading Datafile: E:/project_1/wave.txt, while loading at index: 665
WARNING: Data truncated while reading Datafile: E:/project_1/wave.txt, while loading at index: 666
WARNING: Data truncated while reading Datafile: E:/project_1/wave.txt, while loading at index: 667
WARNING: Data truncated while reading Datafile: E:/project_1/wave.txt, while loading at index: 668
WARNING: Data truncated while reading Datafile: E:/project_1/wave.txt, while loading at index: 669
WARNING: Data truncated while reading Datafile: E:/project_1/wave.txt, while loading at index: 670
WARNING: Data truncated while reading Datafile: E:/project_1/wave.txt, while loading at index: 671
WARNING: Data truncated while reading Datafile: E:/project_1/wave.txt, while loading at index: 672
WARNING: Data truncated while reading Datafile: E:/project_1/wave.txt, while loading at index: 673
WARNING: Data truncated while reading Datafile: E:/project_1/wave.txt, while loading at index: 674
WARNING: Data truncated while reading Datafile: E:/project_1/wave.txt, while loading at index: 675
WARNING: Data truncated while reading Datafile: E:/project_1/wave.txt, while loading at index: 676
WARNING: Data truncated while reading Datafile: E:/project_1/wave.txt, while loading at index: 677
WARNING: Data truncated while reading Datafile: E:/project_1/wave.txt, while loading at index: 678
WARNING: Data truncated while reading Datafile: E:/project_1/wave.txt, while loading at index: 679
WARNING: Data truncated while reading Datafile: E:/project_1/wave.txt, while loading at index: 680
WARNING: Data truncated while reading Datafile: E:/project_1/wave.txt, while loading at index: 681
WARNING: Data truncated while reading Datafile: E:/project_1/wave.txt, while loading at index: 682
WARNING: Data truncated while reading Datafile: E:/project_1/wave.txt, while loading at index: 683
WARNING: Data truncated while reading Datafile: E:/project_1/wave.txt, while loading at index: 684
WARNING: Data truncated while reading Datafile: E:/project_1/wave.txt, while loading at index: 685
WARNING: Data truncated while reading Datafile: E:/project_1/wave.txt, while loading at index: 686
WARNING: Data truncated while reading Datafile: E:/project_1/wave.txt, while loading at index: 687
WARNING: Data truncated while reading Datafile: E:/project_1/wave.txt, while loading at index: 688
WARNING: Data truncated while reading Datafile: E:/project_1/wave.txt, while loading at index: 689
WARNING: Data truncated while reading Datafile: E:/project_1/wave.txt, while loading at index: 690
WARNING: Data truncated while reading Datafile: E:/project_1/wave.txt, while loading at index: 691
WARNING: Data truncated while reading Datafile: E:/project_1/wave.txt, while loading at index: 692
WARNING: Data truncated while reading Datafile: E:/project_1/wave.txt, while loading at index: 693
WARNING: Data truncated while reading Datafile: E:/project_1/wave.txt, while loading at index: 694
WARNING: Data truncated while reading Datafile: E:/project_1/wave.txt, while loading at index: 695
WARNING: Data truncated while reading Datafile: E:/project_1/wave.txt, while loading at index: 696
WARNING: Data truncated while reading Datafile: E:/project_1/wave.txt, while loading at index: 697
WARNING: Data truncated while reading Datafile: E:/project_1/wave.txt, while loading at index: 698
WARNING: Data truncated while reading Datafile: E:/project_1/wave.txt, while loading at index: 699
WARNING: Data truncated while reading Datafile: E:/project_1/wave.txt, while loading at index: 700
WARNING: Data truncated while reading Datafile: E:/project_1/wave.txt, while loading at index: 701
WARNING: Data truncated while reading Datafile: E:/project_1/wave.txt, while loading at index: 702
WARNING: Data truncated while reading Datafile: E:/project_1/wave.txt, while loading at index: 703
WARNING: Data truncated while reading Datafile: E:/project_1/wave.txt, while loading at index: 704
WARNING: Data truncated while reading Datafile: E:/project_1/wave.txt, while loading at index: 705
WARNING: Data truncated while reading Datafile: E:/project_1/wave.txt, while loading at index: 706
WARNING: Data truncated while reading Datafile: E:/project_1/wave.txt, while loading at index: 707
WARNING: Data truncated while reading Datafile: E:/project_1/wave.txt, while loading at index: 708
WARNING: Data truncated while reading Datafile: E:/project_1/wave.txt, while loading at index: 709
WARNING: Data truncated while reading Datafile: E:/project_1/wave.txt, while loading at index: 710
WARNING: Data truncated while reading Datafile: E:/project_1/wave.txt, while loading at index: 711
WARNING: Data truncated while reading Datafile: E:/project_1/wave.txt, while loading at index: 712
WARNING: Data truncated while reading Datafile: E:/project_1/wave.txt, while loading at index: 713
WARNING: Data truncated while reading Datafile: E:/project_1/wave.txt, while loading at index: 714
WARNING: Data truncated while reading Datafile: E:/project_1/wave.txt, while loading at index: 715
WARNING: Data truncated while reading Datafile: E:/project_1/wave.txt, while loading at index: 716
WARNING: Data truncated while reading Datafile: E:/project_1/wave.txt, while loading at index: 717
WARNING: Data truncated while reading Datafile: E:/project_1/wave.txt, while loading at index: 718
WARNING: Data truncated while reading Datafile: E:/project_1/wave.txt, while loading at index: 719
WARNING: Data truncated while reading Datafile: E:/project_1/wave.txt, while loading at index: 720
WARNING: Data truncated while reading Datafile: E:/project_1/wave.txt, while loading at index: 721
WARNING: Data truncated while reading Datafile: E:/project_1/wave.txt, while loading at index: 722
WARNING: Data truncated while reading Datafile: E:/project_1/wave.txt, while loading at index: 723
WARNING: Data truncated while reading Datafile: E:/project_1/wave.txt, while loading at index: 724
WARNING: Data truncated while reading Datafile: E:/project_1/wave.txt, while loading at index: 725
WARNING: Data truncated while reading Datafile: E:/project_1/wave.txt, while loading at index: 726
WARNING: Data truncated while reading Datafile: E:/project_1/wave.txt, while loading at index: 727
WARNING: Data truncated while reading Datafile: E:/project_1/wave.txt, while loading at index: 728
WARNING: Data truncated while reading Datafile: E:/project_1/wave.txt, while loading at index: 729
WARNING: Data truncated while reading Datafile: E:/project_1/wave.txt, while loading at index: 730
WARNING: Data truncated while reading Datafile: E:/project_1/wave.txt, while loading at index: 731
WARNING: Data truncated while reading Datafile: E:/project_1/wave.txt, while loading at index: 732
WARNING: Data truncated while reading Datafile: E:/project_1/wave.txt, while loading at index: 733
WARNING: Data truncated while reading Datafile: E:/project_1/wave.txt, while loading at index: 734
WARNING: Data truncated while reading Datafile: E:/project_1/wave.txt, while loading at index: 735
WARNING: Data truncated while reading Datafile: E:/project_1/wave.txt, while loading at index: 736
WARNING: Data truncated while reading Datafile: E:/project_1/wave.txt, while loading at index: 737
WARNING: Data truncated while reading Datafile: E:/project_1/wave.txt, while loading at index: 738
WARNING: Data truncated while reading Datafile: E:/project_1/wave.txt, while loading at index: 739
WARNING: Data truncated while reading Datafile: E:/project_1/wave.txt, while loading at index: 740
WARNING: Data truncated while reading Datafile: E:/project_1/wave.txt, while loading at index: 741
WARNING: Data truncated while reading Datafile: E:/project_1/wave.txt, while loading at index: 742
WARNING: Data truncated while reading Datafile: E:/project_1/wave.txt, while loading at index: 743
WARNING: Data truncated while reading Datafile: E:/project_1/wave.txt, while loading at index: 744
WARNING: Data truncated while reading Datafile: E:/project_1/wave.txt, while loading at index: 745
WARNING: Data truncated while reading Datafile: E:/project_1/wave.txt, while loading at index: 746
WARNING: Data truncated while reading Datafile: E:/project_1/wave.txt, while loading at index: 747
WARNING: Data truncated while reading Datafile: E:/project_1/wave.txt, while loading at index: 748
WARNING: Data truncated while reading Datafile: E:/project_1/wave.txt, while loading at index: 749
WARNING: Data truncated while reading Datafile: E:/project_1/wave.txt, while loading at index: 750
WARNING: Data truncated while reading Datafile: E:/project_1/wave.txt, while loading at index: 751
WARNING: Data truncated while reading Datafile: E:/project_1/wave.txt, while loading at index: 752
WARNING: Data truncated while reading Datafile: E:/project_1/wave.txt, while loading at index: 753
WARNING: Data truncated while reading Datafile: E:/project_1/wave.txt, while loading at index: 754
WARNING: Data truncated while reading Datafile: E:/project_1/wave.txt, while loading at index: 755
WARNING: Data truncated while reading Datafile: E:/project_1/wave.txt, while loading at index: 756
WARNING: Data truncated while reading Datafile: E:/project_1/wave.txt, while loading at index: 757
WARNING: Data truncated while reading Datafile: E:/project_1/wave.txt, while loading at index: 758
WARNING: Data truncated while reading Datafile: E:/project_1/wave.txt, while loading at index: 759
WARNING: Data truncated while reading Datafile: E:/project_1/wave.txt, while loading at index: 760
WARNING: Data truncated while reading Datafile: E:/project_1/wave.txt, while loading at index: 761
WARNING: Data truncated while reading Datafile: E:/project_1/wave.txt, while loading at index: 762
WARNING: Data truncated while reading Datafile: E:/project_1/wave.txt, while loading at index: 763
WARNING: Data truncated while reading Datafile: E:/project_1/wave.txt, while loading at index: 764
WARNING: Data truncated while reading Datafile: E:/project_1/wave.txt, while loading at index: 765
WARNING: Data truncated while reading Datafile: E:/project_1/wave.txt, while loading at index: 766
WARNING: Data truncated while reading Datafile: E:/project_1/wave.txt, while loading at index: 767
WARNING: Data truncated while reading Datafile: E:/project_1/wave.txt, while loading at index: 768
WARNING: Data truncated while reading Datafile: E:/project_1/wave.txt, while loading at index: 769
WARNING: Data truncated while reading Datafile: E:/project_1/wave.txt, while loading at index: 770
WARNING: Data truncated while reading Datafile: E:/project_1/wave.txt, while loading at index: 771
WARNING: Data truncated while reading Datafile: E:/project_1/wave.txt, while loading at index: 772
WARNING: Data truncated while reading Datafile: E:/project_1/wave.txt, while loading at index: 773
WARNING: Data truncated while reading Datafile: E:/project_1/wave.txt, while loading at index: 774
WARNING: Data truncated while reading Datafile: E:/project_1/wave.txt, while loading at index: 775
WARNING: Data truncated while reading Datafile: E:/project_1/wave.txt, while loading at index: 776
WARNING: Data truncated while reading Datafile: E:/project_1/wave.txt, while loading at index: 777
WARNING: Data truncated while reading Datafile: E:/project_1/wave.txt, while loading at index: 778
WARNING: Data truncated while reading Datafile: E:/project_1/wave.txt, while loading at index: 779
WARNING: Data truncated while reading Datafile: E:/project_1/wave.txt, while loading at index: 780
WARNING: Data truncated while reading Datafile: E:/project_1/wave.txt, while loading at index: 781
WARNING: Data truncated while reading Datafile: E:/project_1/wave.txt, while loading at index: 782
WARNING: Data truncated while reading Datafile: E:/project_1/wave.txt, while loading at index: 783
WARNING: Data truncated while reading Datafile: E:/project_1/wave.txt, while loading at index: 784
WARNING: Data truncated while reading Datafile: E:/project_1/wave.txt, while loading at index: 785
WARNING: Data truncated while reading Datafile: E:/project_1/wave.txt, while loading at index: 786
WARNING: Data truncated while reading Datafile: E:/project_1/wave.txt, while loading at index: 787
WARNING: Data truncated while reading Datafile: E:/project_1/wave.txt, while loading at index: 788
WARNING: Data truncated while reading Datafile: E:/project_1/wave.txt, while loading at index: 790
WARNING: Data truncated while reading Datafile: E:/project_1/wave.txt, while loading at index: 791
WARNING: Data truncated while reading Datafile: E:/project_1/wave.txt, while loading at index: 792
WARNING: Data truncated while reading Datafile: E:/project_1/wave.txt, while loading at index: 793
WARNING: Data truncated while reading Datafile: E:/project_1/wave.txt, while loading at index: 795
WARNING: Data truncated while reading Datafile: E:/project_1/wave.txt, while loading at index: 796
WARNING: Data truncated while reading Datafile: E:/project_1/wave.txt, while loading at index: 797
WARNING: Data truncated while reading Datafile: E:/project_1/wave.txt, while loading at index: 798
WARNING: Data truncated while reading Datafile: E:/project_1/wave.txt, while loading at index: 800
WARNING: Data truncated while reading Datafile: E:/project_1/wave.txt, while loading at index: 801
WARNING: Data truncated while reading Datafile: E:/project_1/wave.txt, while loading at index: 802
WARNING: Data truncated while reading Datafile: E:/project_1/wave.txt, while loading at index: 803
WARNING: Data truncated while reading Datafile: E:/project_1/wave.txt, while loading at index: 805
WARNING: Data truncated while reading Datafile: E:/project_1/wave.txt, while loading at index: 806
WARNING: Data truncated while reading Datafile: E:/project_1/wave.txt, while loading at index: 808
WARNING: Data truncated while reading Datafile: E:/project_1/wave.txt, while loading at index: 810
WARNING: Data truncated while reading Datafile: E:/project_1/wave.txt, while loading at index: 811
WARNING: Data truncated while reading Datafile: E:/project_1/wave.txt, while loading at index: 813
WARNING: Data truncated while reading Datafile: E:/project_1/wave.txt, while loading at index: 815
WARNING: Data truncated while reading Datafile: E:/project_1/wave.txt, while loading at index: 816
WARNING: Data truncated while reading Datafile: E:/project_1/wave.txt, while loading at index: 818
WARNING: Data truncated while reading Datafile: E:/project_1/wave.txt, while loading at index: 820
WARNING: Data truncated while reading Datafile: E:/project_1/wave.txt, while loading at index: 821
WARNING: Data truncated while reading Datafile: E:/project_1/wave.txt, while loading at index: 823
WARNING: Data truncated while reading Datafile: E:/project_1/wave.txt, while loading at index: 825
WARNING: Data truncated while reading Datafile: E:/project_1/wave.txt, while loading at index: 826
WARNING: Data truncated while reading Datafile: E:/project_1/wave.txt, while loading at index: 828
WARNING: Data truncated while reading Datafile: E:/project_1/wave.txt, while loading at index: 830
WARNING: Data truncated while reading Datafile: E:/project_1/wave.txt, while loading at index: 831
WARNING: Data truncated while reading Datafile: E:/project_1/wave.txt, while loading at index: 833
WARNING: Data truncated while reading Datafile: E:/project_1/wave.txt, while loading at index: 835
WARNING: Data truncated while reading Datafile: E:/project_1/wave.txt, while loading at index: 836
WARNING: Data truncated while reading Datafile: E:/project_1/wave.txt, while loading at index: 838
WARNING: Data truncated while reading Datafile: E:/project_1/wave.txt, while loading at index: 840
WARNING: Data truncated while reading Datafile: E:/project_1/wave.txt, while loading at index: 841
WARNING: Data truncated while reading Datafile: E:/project_1/wave.txt, while loading at index: 843
WARNING: Data truncated while reading Datafile: E:/project_1/wave.txt, while loading at index: 845
WARNING: Data truncated while reading Datafile: E:/project_1/wave.txt, while loading at index: 846
WARNING: Data truncated while reading Datafile: E:/project_1/wave.txt, while loading at index: 848
WARNING: Data truncated while reading Datafile: E:/project_1/wave.txt, while loading at index: 850
WARNING: Data truncated while reading Datafile: E:/project_1/wave.txt, while loading at index: 851
WARNING: Data truncated while reading Datafile: E:/project_1/wave.txt, while loading at index: 853
WARNING: Data truncated while reading Datafile: E:/project_1/wave.txt, while loading at index: 855
WARNING: Data truncated while reading Datafile: E:/project_1/wave.txt, while loading at index: 856
WARNING: Data truncated while reading Datafile: E:/project_1/wave.txt, while loading at index: 858
WARNING: Data truncated while reading Datafile: E:/project_1/wave.txt, while loading at index: 860
WARNING: Data truncated while reading Datafile: E:/project_1/wave.txt, while loading at index: 861
WARNING: Data truncated while reading Datafile: E:/project_1/wave.txt, while loading at index: 863
WARNING: Data truncated while reading Datafile: E:/project_1/wave.txt, while loading at index: 865
WARNING: Data truncated while reading Datafile: E:/project_1/wave.txt, while loading at index: 866
WARNING: Data truncated while reading Datafile: E:/project_1/wave.txt, while loading at index: 867
WARNING: Data truncated while reading Datafile: E:/project_1/wave.txt, while loading at index: 868
WARNING: Data truncated while reading Datafile: E:/project_1/wave.txt, while loading at index: 870
WARNING: Data truncated while reading Datafile: E:/project_1/wave.txt, while loading at index: 871
WARNING: Data truncated while reading Datafile: E:/project_1/wave.txt, while loading at index: 872
WARNING: Data truncated while reading Datafile: E:/project_1/wave.txt, while loading at index: 873
WARNING: Data truncated while reading Datafile: E:/project_1/wave.txt, while loading at index: 875
WARNING: Data truncated while reading Datafile: E:/project_1/wave.txt, while loading at index: 876
WARNING: Data truncated while reading Datafile: E:/project_1/wave.txt, while loading at index: 877
WARNING: Data truncated while reading Datafile: E:/project_1/wave.txt, while loading at index: 878
WARNING: Data truncated while reading Datafile: E:/project_1/wave.txt, while loading at index: 880
WARNING: Data truncated while reading Datafile: E:/project_1/wave.txt, while loading at index: 881
WARNING: Data truncated while reading Datafile: E:/project_1/wave.txt, while loading at index: 882
WARNING: Data truncated while reading Datafile: E:/project_1/wave.txt, while loading at index: 883
WARNING: Data truncated while reading Datafile: E:/project_1/wave.txt, while loading at index: 885
WARNING: Data truncated while reading Datafile: E:/project_1/wave.txt, while loading at index: 886
WARNING: Data truncated while reading Datafile: E:/project_1/wave.txt, while loading at index: 887
WARNING: Data truncated while reading Datafile: E:/project_1/wave.txt, while loading at index: 888
WARNING: Data truncated while reading Datafile: E:/project_1/wave.txt, while loading at index: 890
WARNING: Data truncated while reading Datafile: E:/project_1/wave.txt, while loading at index: 891
WARNING: Data truncated while reading Datafile: E:/project_1/wave.txt, while loading at index: 892
WARNING: Data truncated while reading Datafile: E:/project_1/wave.txt, while loading at index: 893
WARNING: Data truncated while reading Datafile: E:/project_1/wave.txt, while loading at index: 895
WARNING: Data truncated while reading Datafile: E:/project_1/wave.txt, while loading at index: 896
WARNING: Data truncated while reading Datafile: E:/project_1/wave.txt, while loading at index: 897
WARNING: Data truncated while reading Datafile: E:/project_1/wave.txt, while loading at index: 898
WARNING: Data truncated while reading Datafile: E:/project_1/wave.txt, while loading at index: 900
WARNING: Data truncated while reading Datafile: E:/project_1/wave.txt, while loading at index: 901
WARNING: Data truncated while reading Datafile: E:/project_1/wave.txt, while loading at index: 902
WARNING: Data truncated while reading Datafile: E:/project_1/wave.txt, while loading at index: 903
WARNING: Data truncated while reading Datafile: E:/project_1/wave.txt, while loading at index: 904
WARNING: Data truncated while reading Datafile: E:/project_1/wave.txt, while loading at index: 905
WARNING: Data truncated while reading Datafile: E:/project_1/wave.txt, while loading at index: 906
WARNING: Data truncated while reading Datafile: E:/project_1/wave.txt, while loading at index: 907
WARNING: Data truncated while reading Datafile: E:/project_1/wave.txt, while loading at index: 908
WARNING: Data truncated while reading Datafile: E:/project_1/wave.txt, while loading at index: 909
WARNING: Data truncated while reading Datafile: E:/project_1/wave.txt, while loading at index: 910
WARNING: Data truncated while reading Datafile: E:/project_1/wave.txt, while loading at index: 911
WARNING: Data truncated while reading Datafile: E:/project_1/wave.txt, while loading at index: 912
WARNING: Data truncated while reading Datafile: E:/project_1/wave.txt, while loading at index: 913
WARNING: Data truncated while reading Datafile: E:/project_1/wave.txt, while loading at index: 914
WARNING: Data truncated while reading Datafile: E:/project_1/wave.txt, while loading at index: 915
WARNING: Data truncated while reading Datafile: E:/project_1/wave.txt, while loading at index: 916
WARNING: Data truncated while reading Datafile: E:/project_1/wave.txt, while loading at index: 917
WARNING: Data truncated while reading Datafile: E:/project_1/wave.txt, while loading at index: 918
WARNING: Data truncated while reading Datafile: E:/project_1/wave.txt, while loading at index: 919
WARNING: Data truncated while reading Datafile: E:/project_1/wave.txt, while loading at index: 920
WARNING: Data truncated while reading Datafile: E:/project_1/wave.txt, while loading at index: 921
WARNING: Data truncated while reading Datafile: E:/project_1/wave.txt, while loading at index: 922
WARNING: Data truncated while reading Datafile: E:/project_1/wave.txt, while loading at index: 923
WARNING: Data truncated while reading Datafile: E:/project_1/wave.txt, while loading at index: 924
WARNING: Data truncated while reading Datafile: E:/project_1/wave.txt, while loading at index: 925
WARNING: Data truncated while reading Datafile: E:/project_1/wave.txt, while loading at index: 926
WARNING: Data truncated while reading Datafile: E:/project_1/wave.txt, while loading at index: 927
WARNING: Data truncated while reading Datafile: E:/project_1/wave.txt, while loading at index: 928
WARNING: Data truncated while reading Datafile: E:/project_1/wave.txt, while loading at index: 930
WARNING: Data truncated while reading Datafile: E:/project_1/wave.txt, while loading at index: 931
WARNING: Data truncated while reading Datafile: E:/project_1/wave.txt, while loading at index: 932
WARNING: Data truncated while reading Datafile: E:/project_1/wave.txt, while loading at index: 933
WARNING: Data truncated while reading Datafile: E:/project_1/wave.txt, while loading at index: 935
WARNING: Data truncated while reading Datafile: E:/project_1/wave.txt, while loading at index: 936
WARNING: Data truncated while reading Datafile: E:/project_1/wave.txt, while loading at index: 937
WARNING: Data truncated while reading Datafile: E:/project_1/wave.txt, while loading at index: 938
WARNING: Data truncated while reading Datafile: E:/project_1/wave.txt, while loading at index: 940
WARNING: Data truncated while reading Datafile: E:/project_1/wave.txt, while loading at index: 941
WARNING: Data truncated while reading Datafile: E:/project_1/wave.txt, while loading at index: 942
WARNING: Data truncated while reading Datafile: E:/project_1/wave.txt, while loading at index: 943
WARNING: Data truncated while reading Datafile: E:/project_1/wave.txt, while loading at index: 945
WARNING: Data truncated while reading Datafile: E:/project_1/wave.txt, while loading at index: 946
WARNING: Data truncated while reading Datafile: E:/project_1/wave.txt, while loading at index: 947
WARNING: Data truncated while reading Datafile: E:/project_1/wave.txt, while loading at index: 948
WARNING: Data truncated while reading Datafile: E:/project_1/wave.txt, while loading at index: 950
WARNING: Data truncated while reading Datafile: E:/project_1/wave.txt, while loading at index: 951
WARNING: Data truncated while reading Datafile: E:/project_1/wave.txt, while loading at index: 952
WARNING: Data truncated while reading Datafile: E:/project_1/wave.txt, while loading at index: 953
WARNING: Data truncated while reading Datafile: E:/project_1/wave.txt, while loading at index: 955
WARNING: Data truncated while reading Datafile: E:/project_1/wave.txt, while loading at index: 956
WARNING: Data truncated while reading Datafile: E:/project_1/wave.txt, while loading at index: 958
WARNING: Data truncated while reading Datafile: E:/project_1/wave.txt, while loading at index: 960
WARNING: Data truncated while reading Datafile: E:/project_1/wave.txt, while loading at index: 961
WARNING: Data truncated while reading Datafile: E:/project_1/wave.txt, while loading at index: 963
WARNING: Data truncated while reading Datafile: E:/project_1/wave.txt, while loading at index: 965
WARNING: Data truncated while reading Datafile: E:/project_1/wave.txt, while loading at index: 966
WARNING: Data truncated while reading Datafile: E:/project_1/wave.txt, while loading at index: 968
WARNING: Data truncated while reading Datafile: E:/project_1/wave.txt, while loading at index: 970
WARNING: Data truncated while reading Datafile: E:/project_1/wave.txt, while loading at index: 971
WARNING: Data truncated while reading Datafile: E:/project_1/wave.txt, while loading at index: 973
WARNING: Data truncated while reading Datafile: E:/project_1/wave.txt, while loading at index: 975
WARNING: Data truncated while reading Datafile: E:/project_1/wave.txt, while loading at index: 978
WARNING: Data truncated while reading Datafile: E:/project_1/wave.txt, while loading at index: 980
WARNING: Data truncated while reading Datafile: E:/project_1/wave.txt, while loading at index: 983
WARNING: Data truncated while reading Datafile: E:/project_1/wave.txt, while loading at index: 985
WARNING: Data truncated while reading Datafile: E:/project_1/wave.txt, while loading at index: 988
WARNING: Data truncated while reading Datafile: E:/project_1/wave.txt, while loading at index: 993
WARNING: Data truncated while reading Datafile: E:/project_1/wave.txt, while loading at index: 998
ERROR: Illegal binary digit ';' found in data of file "E:/project_1/wave.txt"
